[0.017s] Invoking command in '/home/tuanminh/mir_project/build/mir_msgs': /usr/bin/cmake /home/tuanminh/mir_project/src/mir_robot/mir_msgs -DCATKIN_INSTALL_INTO_PREFIX_ROOT=0 -DCMAKE_INSTALL_PREFIX=/home/tuanminh/mir_project/install/mir_msgs
[0.102s] -- The C compiler identification is GNU 11.4.0
[0.164s] -- The CXX compiler identification is GNU 11.4.0
[0.180s] -- Detecting C compiler ABI info
[0.223s] -- Detecting C compiler ABI info - done
[0.228s] -- Check for working C compiler: /usr/bin/cc - skipped
[0.230s] -- Detecting C compile features
[0.231s] -- Detecting C compile features - done
[0.234s] -- Detecting CXX compiler ABI info
[0.283s] -- Detecting CXX compiler ABI info - done
[0.287s] -- Check for working CXX compiler: /usr/bin/c++ - skipped
[0.287s] -- Detecting CXX compile features
[0.288s] -- Detecting CXX compile features - done
[0.300s] -- Configuring incomplete, errors occurred!
[0.300s] See also "/home/tuanminh/mir_project/build/mir_msgs/CMakeFiles/CMakeOutput.log".
[0.300s] [31mCMake Error at CMakeLists.txt:4 (find_package):
[0.300s]   By not providing "Findcatkin.cmake" in CMAKE_MODULE_PATH this project has
[0.300s]   asked CMake to find a package configuration file provided by "catkin", but
[0.300s]   CMake did not find one.
[0.300s] 
[0.300s]   Could not find a package configuration file provided by "catkin" with any
[0.300s]   of the following names:
[0.300s] 
[0.300s]     catkinConfig.cmake
[0.300s]     catkin-config.cmake
[0.300s] 
[0.300s]   Add the installation prefix of "catkin" to CMAKE_PREFIX_PATH or set
[0.300s]   "catkin_DIR" to a directory containing one of the above files.  If "catkin"
[0.300s]   provides a separate development package or SDK, be sure it has been
[0.300s]   installed.
[0.300s] 
[0.300s] [0m
[0.304s] Invoked command in '/home/tuanminh/mir_project/build/mir_msgs' returned '1': /usr/bin/cmake /home/tuanminh/mir_project/src/mir_robot/mir_msgs -DCATKIN_INSTALL_INTO_PREFIX_ROOT=0 -DCMAKE_INSTALL_PREFIX=/home/tuanminh/mir_project/install/mir_msgs
