[0.010s] Invoking command in '/home/tuanminh/mir_project/build/mir_description': /usr/bin/cmake /home/tuanminh/mir_project/src/mir_robot/mir_description -DCATKIN_INSTALL_INTO_PREFIX_ROOT=0 -DCMAKE_INSTALL_PREFIX=/home/tuanminh/mir_project/install/mir_description
[0.093s] -- The C compiler identification is GNU 11.4.0
[0.154s] -- The CXX compiler identification is GNU 11.4.0
[0.171s] -- Detecting C compiler ABI info
[0.214s] -- Detecting C compiler ABI info - done
[0.218s] -- Check for working C compiler: /usr/bin/cc - skipped
[0.222s] -- Detecting C compile features
[0.222s] -- Detecting C compile features - done
[0.225s] -- Detecting CXX compiler ABI info
[0.273s] -- Detecting CXX compiler ABI info - done
[0.278s] -- Check for working CXX compiler: /usr/bin/c++ - skipped
[0.278s] -- Detecting CXX compile features
[0.278s] -- Detecting CXX compile features - done
[0.289s] [31mCMake Error at CMakeLists.txt:4 (find_package):
[0.289s]   By not providing "Findcatkin.cmake" in CMAKE_MODULE_PATH this project has
[0.290s]   asked CMake to find a package configuration file provided by "catkin", but
[0.290s]   CMake did not find one.
[0.290s] 
[0.290s]   Could not find a package configuration file provided by "catkin" with any
[0.290s]   of the following names:
[0.290s] 
[0.290s]     catkinConfig.cmake
[0.290s]     catkin-config.cmake
[0.290s] 
[0.290s]   Add the installation prefix of "catkin" to CMAKE_PREFIX_PATH or set
[0.290s]   "catkin_DIR" to a directory containing one of the above files.  If "catkin"
[0.290s]   provides a separate development package or SDK, be sure it has been
[0.290s]   installed.
[0.290s] 
[0.290s] [0m
[0.290s] -- Configuring incomplete, errors occurred!
[0.290s] See also "/home/tuanminh/mir_project/build/mir_description/CMakeFiles/CMakeOutput.log".
[0.294s] Invoked command in '/home/tuanminh/mir_project/build/mir_description' returned '1': /usr/bin/cmake /home/tuanminh/mir_project/src/mir_robot/mir_description -DCATKIN_INSTALL_INTO_PREFIX_ROOT=0 -DCMAKE_INSTALL_PREFIX=/home/tuanminh/mir_project/install/mir_description
