[0.011s] Invoking command in '/home/tuanminh/mir_project/build/mir_msgs': /usr/bin/cmake /home/tuanminh/mir_project/src/mir_robot/mir_msgs -DCATKIN_INSTALL_INTO_PREFIX_ROOT=0 -DCMAKE_INSTALL_PREFIX=/home/tuanminh/mir_project/install/mir_msgs
[0.041s] [31mCMake Error at CMakeLists.txt:4 (find_package):
[0.041s]   By not providing "Findcatkin.cmake" in CMAKE_MODULE_PATH this project has
[0.041s]   asked CMake to find a package configuration file provided by "catkin", but
[0.041s]   CMake did not find one.
[0.041s] 
[0.041s]   Could not find a package configuration file provided by "catkin" with any
[0.041s]   of the following names:
[0.042s] 
[0.042s]     catkinConfig.cmake
[0.042s]     catkin-config.cmake
[0.042s] 
[0.042s]   Add the installation prefix of "catkin" to CMAKE_PREFIX_PATH or set
[0.042s]   "catkin_DIR" to a directory containing one of the above files.  If "catkin"
[0.042s]   provides a separate development package or SDK, be sure it has been
[0.042s]   installed.
[0.042s] 
[0.042s] [0m
[0.043s] -- Configuring incomplete, errors occurred!
[0.043s] See also "/home/tuanminh/mir_project/build/mir_msgs/CMakeFiles/CMakeOutput.log".
[0.046s] Invoked command in '/home/tuanminh/mir_project/build/mir_msgs' returned '1': /usr/bin/cmake /home/tuanminh/mir_project/src/mir_robot/mir_msgs -DCATKIN_INSTALL_INTO_PREFIX_ROOT=0 -DCMAKE_INSTALL_PREFIX=/home/tuanminh/mir_project/install/mir_msgs
