[0.010s] Invoking command in '/home/tuanminh/mir_project/build/mir_dwb_critics': /usr/bin/cmake /home/tuanminh/mir_project/src/mir_robot/mir_dwb_critics -DCATKIN_INSTALL_INTO_PREFIX_ROOT=0 -DCMAKE_INSTALL_PREFIX=/home/tuanminh/mir_project/install/mir_dwb_critics
[0.089s] -- The C compiler identification is GNU 11.4.0
[0.151s] -- The CXX compiler identification is GNU 11.4.0
[0.167s] -- Detecting C compiler ABI info
[0.210s] -- Detecting C compiler ABI info - done
[0.214s] -- Check for working C compiler: /usr/bin/cc - skipped
[0.217s] -- Detecting C compile features
[0.219s] -- Detecting C compile features - done
[0.221s] -- Detecting CXX compiler ABI info
[0.270s] -- Detecting CXX compiler ABI info - done
[0.274s] -- Check for working CXX compiler: /usr/bin/c++ - skipped
[0.274s] -- Detecting CXX compile features
[0.274s] -- Detecting CXX compile features - done
[0.287s] [31mCMake Error at CMakeLists.txt:6 (find_package):
[0.287s]   By not providing "Findcatkin.cmake" in CMAKE_MODULE_PATH this project has
[0.287s]   asked CMake to find a package configuration file provided by "catkin", but
[0.287s]   CMake did not find one.
[0.287s] 
[0.287s]   Could not find a package configuration file provided by "catkin" with any
[0.287s]   of the following names:
[0.287s] 
[0.287s]     catkinConfig.cmake
[0.287s]     catkin-config.cmake
[0.287s] 
[0.287s]   Add the installation prefix of "catkin" to CMAKE_PREFIX_PATH or set
[0.287s]   "catkin_DIR" to a directory containing one of the above files.  If "catkin"
[0.287s]   provides a separate development package or SDK, be sure it has been
[0.287s]   installed.
[0.287s] 
[0.287s] [0m
[0.287s] -- Configuring incomplete, errors occurred!
[0.287s] See also "/home/tuanminh/mir_project/build/mir_dwb_critics/CMakeFiles/CMakeOutput.log".
[0.289s] Invoked command in '/home/tuanminh/mir_project/build/mir_dwb_critics' returned '1': /usr/bin/cmake /home/tuanminh/mir_project/src/mir_robot/mir_dwb_critics -DCATKIN_INSTALL_INTO_PREFIX_ROOT=0 -DCMAKE_INSTALL_PREFIX=/home/tuanminh/mir_project/install/mir_dwb_critics
