[0.008s] Invoking command in '/home/tuanminh/mir_project/build/sdc21x0': /usr/bin/cmake /home/tuanminh/mir_project/src/mir_robot/sdc21x0 -DCATKIN_INSTALL_INTO_PREFIX_ROOT=0 -DCMAKE_INSTALL_PREFIX=/home/tuanminh/mir_project/install/sdc21x0
[0.091s] -- The C compiler identification is GNU 11.4.0
[0.153s] -- The CXX compiler identification is GNU 11.4.0
[0.170s] -- Detecting C compiler ABI info
[0.213s] -- Detecting C compiler ABI info - done
[0.216s] -- Check for working C compiler: /usr/bin/cc - skipped
[0.218s] -- Detecting C compile features
[0.220s] -- Detecting C compile features - done
[0.223s] -- Detecting CXX compiler ABI info
[0.271s] -- Detecting CXX compiler ABI info - done
[0.275s] -- Check for working CXX compiler: /usr/bin/c++ - skipped
[0.276s] -- Detecting CXX compile features
[0.276s] -- Detecting CXX compile features - done
[0.289s] [31mCMake Error at CMakeLists.txt:4 (find_package):
[0.289s]   By not providing "Findcatkin.cmake" in CMAKE_MODULE_PATH this project has
[0.289s]   asked CMake to find a package configuration file provided by "catkin", but
[0.289s]   CMake did not find one.
[0.289s] 
[0.289s]   Could not find a package configuration file provided by "catkin" with any
[0.289s]   of the following names:
[0.289s] 
[0.289s]     catkinConfig.cmake
[0.289s]     catkin-config.cmake
[0.289s] 
[0.289s]   Add the installation prefix of "catkin" to CMAKE_PREFIX_PATH or set
[0.289s]   "catkin_DIR" to a directory containing one of the above files.  If "catkin"
[0.289s]   provides a separate development package or SDK, be sure it has been
[0.289s]   installed.
[0.289s] 
[0.289s] [0m
[0.289s] -- Configuring incomplete, errors occurred!
[0.289s] See also "/home/tuanminh/mir_project/build/sdc21x0/CMakeFiles/CMakeOutput.log".
[0.291s] Invoked command in '/home/tuanminh/mir_project/build/sdc21x0' returned '1': /usr/bin/cmake /home/tuanminh/mir_project/src/mir_robot/sdc21x0 -DCATKIN_INSTALL_INTO_PREFIX_ROOT=0 -DCMAKE_INSTALL_PREFIX=/home/tuanminh/mir_project/install/sdc21x0
