[0.008s] Invoking command in '/home/tuanminh/mir_project/build/sdc21x0': /usr/bin/cmake /home/tuanminh/mir_project/src/mir_robot/sdc21x0 -DCATKIN_INSTALL_INTO_PREFIX_ROOT=0 -DCMAKE_INSTALL_PREFIX=/home/tuanminh/mir_project/install/sdc21x0
[0.038s] -- Configuring incomplete, errors occurred!
[0.038s] See also "/home/tuanminh/mir_project/build/sdc21x0/CMakeFiles/CMakeOutput.log".
[0.038s] [31mCMake Error at CMakeLists.txt:4 (find_package):
[0.038s]   By not providing "Findcatkin.cmake" in CMAKE_MODULE_PATH this project has
[0.038s]   asked CMake to find a package configuration file provided by "catkin", but
[0.038s]   CMake did not find one.
[0.038s] 
[0.038s]   Could not find a package configuration file provided by "catkin" with any
[0.038s]   of the following names:
[0.038s] 
[0.039s]     catkinConfig.cmake
[0.039s]     catkin-config.cmake
[0.039s] 
[0.039s]   Add the installation prefix of "catkin" to CMAKE_PREFIX_PATH or set
[0.039s]   "catkin_DIR" to a directory containing one of the above files.  If "catkin"
[0.039s]   provides a separate development package or SDK, be sure it has been
[0.039s]   installed.
[0.039s] 
[0.039s] [0m
[0.039s] Invoked command in '/home/tuanminh/mir_project/build/sdc21x0' returned '1': /usr/bin/cmake /home/tuanminh/mir_project/src/mir_robot/sdc21x0 -DCATKIN_INSTALL_INTO_PREFIX_ROOT=0 -DCMAKE_INSTALL_PREFIX=/home/tuanminh/mir_project/install/sdc21x0
